{"/Users/wola/Documents/workspace/chengqi-ai-spa/src/utils/index.ts": {"path":"/Users/wola/Documents/workspace/chengqi-ai-spa/src/utils/index.ts","statementMap":{"0":{"start":{"line":1,"column":13},"end":{"line":1,"column":70}},"1":{"start":{"line":1,"column":70},"end":{"line":1,"column":184}},"2":{"start":{"line":1,"column":154},"end":{"line":1,"column":180}},"3":{"start":{"line":1,"column":210},"end":{"line":1,"column":563}},"4":{"start":{"line":1,"column":248},"end":{"line":1,"column":269}},"5":{"start":{"line":1,"column":260},"end":{"line":1,"column":269}},"6":{"start":{"line":1,"column":269},"end":{"line":1,"column":326}},"7":{"start":{"line":1,"column":311},"end":{"line":1,"column":325}},"8":{"start":{"line":1,"column":345},"end":{"line":1,"column":394}},"9":{"start":{"line":1,"column":407},"end":{"line":1,"column":440}},"10":{"start":{"line":1,"column":451},"end":{"line":1,"column":481}},"11":{"start":{"line":1,"column":495},"end":{"line":1,"column":527}},"12":{"start":{"line":1,"column":528},"end":{"line":1,"column":562}}},"fnMap":{"0":{"name":"(anonymous_0)","decl":{"start":{"line":1,"column":143},"end":{"line":1,"column":144}},"loc":{"start":{"line":1,"column":153},"end":{"line":1,"column":181}},"line":1},"1":{"name":"(anonymous_1)","decl":{"start":{"line":1,"column":210},"end":{"line":1,"column":211}},"loc":{"start":{"line":1,"column":247},"end":{"line":1,"column":563}},"line":1}},"branchMap":{"0":{"loc":{"start":{"line":1,"column":219},"end":{"line":1,"column":232}},"type":"default-arg","locations":[{"start":{"line":1,"column":231},"end":{"line":1,"column":232}}],"line":1},"1":{"loc":{"start":{"line":1,"column":233},"end":{"line":1,"column":244}},"type":"default-arg","locations":[{"start":{"line":1,"column":243},"end":{"line":1,"column":244}}],"line":1},"2":{"loc":{"start":{"line":1,"column":248},"end":{"line":1,"column":269}},"type":"if","locations":[{"start":{"line":1,"column":248},"end":{"line":1,"column":269}},{"start":{},"end":{}}],"line":1},"3":{"loc":{"start":{"line":1,"column":269},"end":{"line":1,"column":326}},"type":"if","locations":[{"start":{"line":1,"column":269},"end":{"line":1,"column":326}},{"start":{},"end":{}}],"line":1},"4":{"loc":{"start":{"line":1,"column":345},"end":{"line":1,"column":394}},"type":"cond-expr","locations":[{"start":{"line":1,"column":370},"end":{"line":1,"column":386}},{"start":{"line":1,"column":387},"end":{"line":1,"column":394}}],"line":1},"5":{"loc":{"start":{"line":1,"column":495},"end":{"line":1,"column":527}},"type":"cond-expr","locations":[{"start":{"line":1,"column":520},"end":{"line":1,"column":524}},{"start":{"line":1,"column":525},"end":{"line":1,"column":527}}],"line":1}},"s":{"0":1,"1":1,"2":10061,"3":1,"4":10061,"5":7,"6":10054,"7":12,"8":10042,"9":10042,"10":10042,"11":10042,"12":10042},"f":{"0":10061,"1":10061},"b":{"0":[10026],"1":[10026],"2":[7,10054],"3":[12,10042],"4":[10038,4],"5":[10038,4]},"inputSourceMap":{"0":"{","1":"\"","2":"v","3":"e","4":"r","5":"s","6":"i","7":"o","8":"n","9":"\"","10":":","11":"3","12":",","13":"\"","14":"s","15":"o","16":"u","17":"r","18":"c","19":"e","20":"s","21":"\"","22":":","23":"[","24":"\"","25":"/","26":"U","27":"s","28":"e","29":"r","30":"s","31":"/","32":"w","33":"o","34":"l","35":"a","36":"/","37":"D","38":"o","39":"c","40":"u","41":"m","42":"e","43":"n","44":"t","45":"s","46":"/","47":"w","48":"o","49":"r","50":"k","51":"s","52":"p","53":"a","54":"c","55":"e","56":"/","57":"c","58":"h","59":"e","60":"n","61":"g","62":"q","63":"i","64":"-","65":"a","66":"i","67":"-","68":"s","69":"p","70":"a","71":"/","72":"s","73":"r","74":"c","75":"/","76":"u","77":"t","78":"i","79":"l","80":"s","81":"/","82":"i","83":"n","84":"d","85":"e","86":"x","87":".","88":"t","89":"s","90":"\"","91":"]","92":",","93":"\"","94":"s","95":"o","96":"u","97":"r","98":"c","99":"e","100":"s","101":"C","102":"o","103":"n","104":"t","105":"e","106":"n","107":"t","108":"\"","109":":","110":"[","111":"\"","112":"/","113":"/","114":" ","115":"W","116":"e","117":"b","118":"3","119":" ","120":"E","121":"V","122":"M","123":" ","124":"钱","125":"包","126":"地","127":"址","128":"格","129":"式","130":"化","131":"函","132":"数","133":"\\","134":"n","135":"e","136":"x","137":"p","138":"o","139":"r","140":"t","141":" ","142":"c","143":"o","144":"n","145":"s","146":"t","147":" ","148":"f","149":"o","150":"r","151":"m","152":"a","153":"t","154":"W","155":"a","156":"l","157":"l","158":"e","159":"t","160":"A","161":"d","162":"d","163":"r","164":"e","165":"s","166":"s","167":" ","168":"=","169":" ","170":"(","171":"\\","172":"n","173":" ","174":" ","175":"a","176":"d","177":"d","178":"r","179":"e","180":"s","181":"s","182":":","183":" ","184":"s","185":"t","186":"r","187":"i","188":"n","189":"g","190":",","191":"\\","192":"n","193":" ","194":" ","195":"s","196":"t","197":"a","198":"r","199":"t","200":"L","201":"e","202":"n","203":"g","204":"t","205":"h","206":":","207":" ","208":"n","209":"u","210":"m","211":"b","212":"e","213":"r","214":" ","215":"=","216":" ","217":"6","218":",","219":"\\","220":"n","221":" ","222":" ","223":"e","224":"n","225":"d","226":"L","227":"e","228":"n","229":"g","230":"t","231":"h","232":":","233":" ","234":"n","235":"u","236":"m","237":"b","238":"e","239":"r","240":" ","241":"=","242":" ","243":"4","244":",","245":"\\","246":"n","247":")","248":":","249":" ","250":"s","251":"t","252":"r","253":"i","254":"n","255":"g","256":" ","257":"=","258":">","259":" ","260":"{","261":"\\","262":"n","263":" ","264":" ","265":"i","266":"f","267":" ","268":"(","269":"!","270":"a","271":"d","272":"d","273":"r","274":"e","275":"s","276":"s","277":")","278":" ","279":"r","280":"e","281":"t","282":"u","283":"r","284":"n","285":" ","286":"'","287":"'","288":"\\","289":"n","290":" ","291":" ","292":"/","293":"/","294":" ","295":"检","296":"查","297":"地","298":"址","299":"长","300":"度","301":"是","302":"否","303":"足","304":"够","305":"进","306":"行","307":"格","308":"式","309":"化","310":"\\","311":"n","312":" ","313":" ","314":"i","315":"f","316":" ","317":"(","318":"a","319":"d","320":"d","321":"r","322":"e","323":"s","324":"s","325":".","326":"l","327":"e","328":"n","329":"g","330":"t","331":"h","332":" ","333":"<","334":"=","335":" ","336":"s","337":"t","338":"a","339":"r","340":"t","341":"L","342":"e","343":"n","344":"g","345":"t","346":"h","347":" ","348":"+","349":" ","350":"e","351":"n","352":"d","353":"L","354":"e","355":"n","356":"g","357":"t","358":"h","359":")","360":" ","361":"{","362":"\\","363":"n","364":" ","365":" ","366":" ","367":" ","368":"r","369":"e","370":"t","371":"u","372":"r","373":"n","374":" ","375":"a","376":"d","377":"d","378":"r","379":"e","380":"s","381":"s","382":"\\","383":"n","384":" ","385":" ","386":"}","387":"\\","388":"n","389":" ","390":" ","391":"/","392":"/","393":" ","394":"移","395":"除","396":"可","397":"能","398":"的","399":"前","400":"缀","401":"\\","402":"n","403":" ","404":" ","405":"c","406":"o","407":"n","408":"s","409":"t","410":" ","411":"c","412":"l","413":"e","414":"a","415":"n","416":"A","417":"d","418":"d","419":"r","420":"e","421":"s","422":"s","423":" ","424":"=","425":" ","426":"a","427":"d","428":"d","429":"r","430":"e","431":"s","432":"s","433":".","434":"s","435":"t","436":"a","437":"r","438":"t","439":"s","440":"W","441":"i","442":"t","443":"h","444":"(","445":"'","446":"0","447":"x","448":"'","449":")","450":" ","451":"?","452":" ","453":"a","454":"d","455":"d","456":"r","457":"e","458":"s","459":"s","460":".","461":"s","462":"l","463":"i","464":"c","465":"e","466":"(","467":"2","468":")","469":" ","470":":","471":" ","472":"a","473":"d","474":"d","475":"r","476":"e","477":"s","478":"s","479":"\\","480":"n","481":" ","482":" ","483":"/","484":"/","485":" ","486":"获","487":"取","488":"起","489":"始","490":"和","491":"结","492":"束","493":"部","494":"分","495":"\\","496":"n","497":" ","498":" ","499":"c","500":"o","501":"n","502":"s","503":"t","504":" ","505":"s","506":"t","507":"a","508":"r","509":"t","510":" ","511":"=","512":" ","513":"c","514":"l","515":"e","516":"a","517":"n","518":"A","519":"d","520":"d","521":"r","522":"e","523":"s","524":"s","525":".","526":"s","527":"l","528":"i","529":"c","530":"e","531":"(","532":"0","533":",","534":" ","535":"s","536":"t","537":"a","538":"r","539":"t","540":"L","541":"e","542":"n","543":"g","544":"t","545":"h","546":")","547":"\\","548":"n","549":" ","550":" ","551":"c","552":"o","553":"n","554":"s","555":"t","556":" ","557":"e","558":"n","559":"d","560":" ","561":"=","562":" ","563":"c","564":"l","565":"e","566":"a","567":"n","568":"A","569":"d","570":"d","571":"r","572":"e","573":"s","574":"s","575":".","576":"s","577":"l","578":"i","579":"c","580":"e","581":"(","582":"-","583":"e","584":"n","585":"d","586":"L","587":"e","588":"n","589":"g","590":"t","591":"h","592":")","593":"\\","594":"n","595":" ","596":" ","597":"/","598":"/","599":" ","600":"如","601":"果","602":"原","603":"地","604":"址","605":"有","606":"0","607":"x","608":"前","609":"缀","610":"，","611":"添","612":"加","613":"回","614":"去","615":"\\","616":"n","617":" ","618":" ","619":"c","620":"o","621":"n","622":"s","623":"t","624":" ","625":"p","626":"r","627":"e","628":"f","629":"i","630":"x","631":" ","632":"=","633":" ","634":"a","635":"d","636":"d","637":"r","638":"e","639":"s","640":"s","641":".","642":"s","643":"t","644":"a","645":"r","646":"t","647":"s","648":"W","649":"i","650":"t","651":"h","652":"(","653":"'","654":"0","655":"x","656":"'","657":")","658":" ","659":"?","660":" ","661":"'","662":"0","663":"x","664":"'","665":" ","666":":","667":" ","668":"'","669":"'","670":"\\","671":"n","672":" ","673":" ","674":"r","675":"e","676":"t","677":"u","678":"r","679":"n","680":" ","681":"`","682":"$","683":"{","684":"p","685":"r","686":"e","687":"f","688":"i","689":"x","690":"}","691":"$","692":"{","693":"s","694":"t","695":"a","696":"r","697":"t","698":"}","699":".","700":".","701":".","702":"$","703":"{","704":"e","705":"n","706":"d","707":"}","708":"`","709":"\\","710":"n","711":"}","712":"\\","713":"n","714":"\"","715":"]","716":",","717":"\"","718":"n","719":"a","720":"m","721":"e","722":"s","723":"\"","724":":","725":"[","726":"\"","727":"f","728":"o","729":"r","730":"m","731":"a","732":"t","733":"W","734":"a","735":"l","736":"l","737":"e","738":"t","739":"A","740":"d","741":"d","742":"r","743":"e","744":"s","745":"s","746":"\"","747":",","748":"\"","749":"a","750":"d","751":"d","752":"r","753":"e","754":"s","755":"s","756":"\"","757":",","758":"\"","759":"s","760":"t","761":"a","762":"r","763":"t","764":"L","765":"e","766":"n","767":"g","768":"t","769":"h","770":"\"","771":",","772":"\"","773":"e","774":"n","775":"d","776":"L","777":"e","778":"n","779":"g","780":"t","781":"h","782":"\"","783":",","784":"\"","785":"l","786":"e","787":"n","788":"g","789":"t","790":"h","791":"\"","792":",","793":"\"","794":"c","795":"l","796":"e","797":"a","798":"n","799":"A","800":"d","801":"d","802":"r","803":"e","804":"s","805":"s","806":"\"","807":",","808":"\"","809":"s","810":"t","811":"a","812":"r","813":"t","814":"s","815":"W","816":"i","817":"t","818":"h","819":"\"","820":",","821":"\"","822":"s","823":"l","824":"i","825":"c","826":"e","827":"\"","828":",","829":"\"","830":"s","831":"t","832":"a","833":"r","834":"t","835":"\"","836":",","837":"\"","838":"e","839":"n","840":"d","841":"\"","842":",","843":"\"","844":"p","845":"r","846":"e","847":"f","848":"i","849":"x","850":"\"","851":"]","852":",","853":"\"","854":"m","855":"a","856":"p","857":"p","858":"i","859":"n","860":"g","861":"s","862":"\"","863":":","864":"\"","865":"o","866":"G","867":"A","868":"C","869":"a","870":"A","871":",","872":"6","873":"D","874":"A","875":"A","876":"A","877":"A","878":",","879":"u","880":"B","881":"A","882":"A","883":"N","884":",","885":"M","886":"A","887":"A","888":"M","889":"A","890":",","891":"o","892":"B","893":"A","894":"A","895":"s","896":"B","897":",","898":"C","899":"A","900":"C","901":"j","902":"C","903":"C","904":",","905":"Q","906":"A","907":"C","908":"A","909":"C","910":",","911":"Y","912":"A","913":"A","914":"s","915":"B","916":",","917":"C","918":"A","919":"A","920":"C","921":",","922":"C","923":"A","924":"C","925":"v","926":"B","927":"C","928":",","929":"U","930":"A","931":"A","932":"o","933":"B","934":",","935":"C","936":"A","937":"A","938":"C","939":",","940":"I","941":"A","942":"E","943":"r","944":"B","945":",","946":"G","947":"A","948":"A","949":"I","950":",","951":"C","952":"A","953":"A","954":"C","955":"F","956":",","957":"Q","958":"A","959":"A","960":"S","961":",","962":"M","963":"A","964":"A","965":"O","966":",","967":"G","968":"A","969":"E","970":"r","971":"B","972":",","973":"G","974":"A","975":"A","976":"I","977":"A","978":",","979":"Q","980":"A","981":"A","982":"Q","983":"G","984":",","985":"M","986":"A","987":"A","988":"M","989":",","990":"E","991":"A","992":"A","993":"I","994":"F","995":",","996":"Y","997":"A","998":"A","999":"c","1000":"C","1001":",","1002":"U","1003":"A","1004":"A","1005":"W","1006":",","1007":"C","1008":"A","1009":"C","1010":"7","1011":"C","1012":",","1013":"O","1014":"A","1015":"A","1016":"O","1017":"F","1018":",","1019":"O","1020":"A","1021":"C","1022":"T","1023":",","1024":"C","1025":"A","1026":"E","1027":"A","1028":",","1029":"M","1030":"A","1031":"A","1032":"M","1033":"I","1034":",","1035":"a","1036":"A","1037":"A","1038":"e","1039":"J","1040":",","1041":"Q","1042":"A","1043":"A","1044":"Q","1045":"K","1046":",","1047":"U","1048":"A","1049":"A","1050":"U","1051":",","1052":"C","1053":"A","1054":"A","1055":"C","1056":",","1057":"M","1058":"A","1059":"A","1060":"Q","1061":"L","1062":",","1063":"Q","1064":"A","1065":"A","1066":"Q","1067":"M","1068":",","1069":"K","1070":"A","1071":"A","1072":"K","1073":",","1074":"C","1075":"A","1076":"A","1077":"C","1078":",","1079":"G","1080":"A","1081":"A","1082":"K","1083":"N","1084":",","1085":"Q","1086":"A","1087":"E","1088":"n","1089":"E","1090":",","1091":"M","1092":"A","1093":"A","1094":"M","1095":"O","1096":",","1097":"M","1098":"A","1099":"A","1100":"Q","1101":"H","1102":",","1103":"a","1104":"A","1105":"A","1106":"a","1107":"E","1108":",","1109":"K","1110":"A","1111":"A","1112":"K","1113":",","1114":"C","1115":"A","1116":"A","1117":"C","1118":",","1119":"E","1120":"A","1121":"A","1122":"G","1123":"L","1124":",","1125":"a","1126":"A","1127":"C","1128":"p","1129":"C","1130":",","1131":"M","1132":"A","1133":"A","1134":"M","1135":"O","1136":",","1137":"I","1138":"A","1139":"A","1140":"M","1141":"J","1142":",","1143":"a","1144":"A","1145":"A","1146":"a","1147":"E","1148":",","1149":"K","1150":"A","1151":"A","1152":"K","1153":",","1154":"C","1155":"A","1156":"A","1157":"C","1158":",","1159":"C","1160":"A","1161":"A","1162":"C","1163":"J","1164":",","1165":"W","1166":"A","1167":"E","1168":"h","1169":"C","1170":",","1171":"M","1172":"A","1173":"A","1174":"M","1175":"O","1176":",","1177":"O","1178":"A","1179":"A","1180":"S","1181":"T","1182":",","1183":"Q","1184":"A","1185":"A","1186":"Q","1187":"K","1188":",","1189":"U","1190":"A","1191":"A","1192":"U","1193":",","1194":"C","1195":"A","1196":"A","1197":"C","1198":",","1199":"M","1200":"A","1201":"A","1202":"Q","1203":",","1204":"K","1205":"A","1206":"A","1207":"O","1208":",","1209":"G","1210":"A","1211":"C","1212":"j","1213":"D","1214":",","1215":"M","1216":"A","1217":"A","1218":"O","1219":",","1220":"C","1221":"A","1222":"A","1223":"C","1224":",","1225":"E","1226":"A","1227":"A","1228":"E","1229":"I","1230":",","1231":"O","1232":"A","1233":"A","1234":"O","1235":",","1236":"E","1237":"A","1238":"A","1239":"E","1240":"F","1241":",","1242":"M","1243":"A","1244":"A","1245":"M","1246":",","1247":"G","1248":"A","1249":"A","1250":"G","1251":",","1252":"E","1253":"A","1254":"A","1255":"E","1256":"C","1257":",","1258":"I","1259":"A","1260":"A","1261":"I","1262":",","1263":"C","1264":"A","1265":"A","1266":"C","1267":",","1268":"A","1269":"A","1270":"C","1271":"r","1272":"C","1273":"\"","1274":"}"},"_coverageSchema":"1a1c01bbd47fc00a2c39e90264f33305004495a9","hash":"b7bb7e4831720a38c5aee9db557aaa3889001db0"}
}
