{
  "numFailedTestSuites": 0,
  "numFailedTests": 0,
  "numPassedTestSuites": 1,
  "numPassedTests": 3,
  "numPendingTestSuites": 0,
  "numPendingTests": 0,
  "numRuntimeErrorTestSuites": 0,
  "numTodoTests": 0,
  "numTotalTestSuites": 1,
  "numTotalTests": 3,
  "openHandles": [],
  "snapshot": {
    "added": 0,
    "didUpdate": false,
    "failure": false,
    "filesAdded": 0,
    "filesRemoved": 0,
    "filesRemovedList": [],
    "filesUnmatched": 0,
    "filesUpdated": 0,
    "matched": 0,
    "total": 0,
    "unchecked": 0,
    "uncheckedKeysByFile": [],
    "unmatched": 0,
    "updated": 0
  },
  "startTime": 1758879775142,
  "success": false,
  "testResults": [
    {
      "leaks": false,
      "numFailingTests": 0,
      "numPassingTests": 3,
      "numPendingTests": 0,
      "numTodoTests": 0,
      "openHandles": [],
      "perfStats": {
        "end": 1758879775347,
        "loadTestEnvironmentEnd": 1758879775196,
        "loadTestEnvironmentStart": 1758879775166,
        "runtime": 150,
        "setupAfterEnvEnd": 1758879775286,
        "setupAfterEnvStart": 1758879775284,
        "setupFilesEnd": 1758879775197,
        "setupFilesStart": 1758879775197,
        "slow": false,
        "start": 1758879775197
      },
      "skipped": false,
      "snapshot": {
        "added": 0,
        "fileDeleted": false,
        "matched": 0,
        "unchecked": 0,
        "uncheckedKeys": [],
        "unmatched": 0,
        "updated": 0
      },
      "testFilePath": "/Users/wola/Documents/workspace/chengqi-ai-spa/tests/unit/formatwallet.spec.ts",
      "testResults": [
        {
          "ancestorTitles": [
            "formatWalletAddress 函数测试",
            "基本功能测试"
          ],
          "duration": 2,
          "failing": false,
          "failureDetails": [],
          "failureMessages": [],
          "fullName": "formatWalletAddress 函数测试 基本功能测试 应该正确格式化标准的以太坊地址（带0x前缀）",
          "invocations": 1,
          "location": null,
          "numPassingAsserts": 1,
          "retryReasons": [],
          "startAt": 1758879775343,
          "status": "passed",
          "title": "应该正确格式化标准的以太坊地址（带0x前缀）"
        },
        {
          "ancestorTitles": [
            "formatWalletAddress 函数测试",
            "基本功能测试"
          ],
          "duration": 0,
          "failing": false,
          "failureDetails": [],
          "failureMessages": [],
          "fullName": "formatWalletAddress 函数测试 基本功能测试 应该正确格式化不带0x前缀的地址",
          "invocations": 1,
          "location": null,
          "numPassingAsserts": 1,
          "retryReasons": [],
          "startAt": 1758879775346,
          "status": "passed",
          "title": "应该正确格式化不带0x前缀的地址"
        },
        {
          "ancestorTitles": [
            "formatWalletAddress 函数测试",
            "基本功能测试"
          ],
          "duration": 0,
          "failing": false,
          "failureDetails": [],
          "failureMessages": [],
          "fullName": "formatWalletAddress 函数测试 基本功能测试 应该使用默认参数（startLength=6, endLength=4）",
          "invocations": 1,
          "location": null,
          "numPassingAsserts": 1,
          "retryReasons": [],
          "startAt": 1758879775346,
          "status": "passed",
          "title": "应该使用默认参数（startLength=6, endLength=4）"
        }
      ],
      "failureMessage": null
    }
  ],
  "wasInterrupted": false
}